123456
123456

+---------------------------- log start -----------------------------+
请求错误: 订单号或状态信息丢失
请求数据:null

+---------------------------- log end -----------------------------+

+---------------------------- log start -----------------------------+
请求错误: 订单号或状态信息丢失
请求数据:null

+---------------------------- log end -----------------------------+

+---------------------------- log start -----------------------------+
请求错误: 订单号或状态信息丢失
请求数据:null
请求错误: 未查询到订单信息
请求数据:null

+---------------------------- log end -----------------------------+

+---------------------------- log start -----------------------------+
请求错误: 订单号或状态信息丢失
请求数据:null
请求错误: 未查询到订单信息
请求数据:null
充值失败: 渠道卡充值失败回告
请求数据:null
订单信息:[]

+---------------------------- log end -----------------------------+

+---------------------------- log start -----------------------------+
请求错误: 订单号或状态信息丢失
请求数据:null

+---------------------------- log end -----------------------------+

+---------------------------- log start -----------------------------+
请求错误: 订单号或状态信息丢失
请求数据:null
+---------------------------- log end -----------------------------+
